/*C2*/SET SCHEMA PUBLIC
\u000a    drop table TextMessage if exists
\u000a    create table TextMessage (\u000a        id bigint generated by default as identity (start with 1),\u000a        destinationPhoneNumber varchar(255) not null,\u000a        originPhoneNumber varchar(255) not null,\u000a        text varchar(160) not null,\u000a        validity timestamp not null,\u000a        primary key (id)\u000a    )
INSERT INTO TEXTMESSAGE VALUES(1,'21987198520','21988941978','hello','2016-04-23 20:23:57.349000')
COMMIT
/*C3*/SET SCHEMA PUBLIC
\u000a    drop table TextMessage if exists
\u000a    create table TextMessage (\u000a        id bigint generated by default as identity (start with 1),\u000a        destinationPhoneNumber varchar(255) not null,\u000a        originPhoneNumber varchar(255) not null,\u000a        text varchar(160) not null,\u000a        validity timestamp not null,\u000a        primary key (id)\u000a    )
INSERT INTO TEXTMESSAGE VALUES(1,'21987198520','21988941978','hello','2016-04-23 20:23:57.504000')
COMMIT
INSERT INTO TEXTMESSAGE VALUES(2,'21987198520','21988941978','another hello message','2016-04-23 20:23:57.504000')
COMMIT
DISCONNECT
/*C4*/SET SCHEMA PUBLIC
\u000a    drop table TextMessage if exists
\u000a    create table TextMessage (\u000a        id bigint generated by default as identity (start with 1),\u000a        destinationPhoneNumber varchar(255) not null,\u000a        originPhoneNumber varchar(255) not null,\u000a        text varchar(160) not null,\u000a        validity timestamp not null,\u000a        primary key (id)\u000a    )
INSERT INTO TEXTMESSAGE VALUES(1,'21987198520','21988941978','hello','2016-04-23 20:23:57.730000')
COMMIT
DELETE FROM TEXTMESSAGE WHERE ID=1
COMMIT
/*C5*/SET SCHEMA PUBLIC
\u000a    drop table TextMessage if exists
\u000a    create table TextMessage (\u000a        id bigint generated by default as identity (start with 1),\u000a        destinationPhoneNumber varchar(255) not null,\u000a        originPhoneNumber varchar(255) not null,\u000a        text varchar(160) not null,\u000a        validity timestamp not null,\u000a        primary key (id)\u000a    )
INSERT INTO TEXTMESSAGE VALUES(1,'21987198520','21988941078','Hello','2016-04-23 20:23:57.869000')
COMMIT
DISCONNECT
/*C6*/SET SCHEMA PUBLIC
\u000a    drop table TextMessage if exists
\u000a    create table TextMessage (\u000a        id bigint generated by default as identity (start with 1),\u000a        destinationPhoneNumber varchar(255) not null,\u000a        originPhoneNumber varchar(255) not null,\u000a        text varchar(160) not null,\u000a        validity timestamp not null,\u000a        primary key (id)\u000a    )
INSERT INTO TEXTMESSAGE VALUES(1,'21987198520','21988941078','Hello','2016-04-23 20:23:58.008000')
COMMIT
DISCONNECT
/*C7*/SET SCHEMA PUBLIC
\u000a    drop table TextMessage if exists
\u000a    create table TextMessage (\u000a        id bigint generated by default as identity (start with 1),\u000a        destinationPhoneNumber varchar(255) not null,\u000a        originPhoneNumber varchar(255) not null,\u000a        text varchar(160) not null,\u000a        validity timestamp not null,\u000a        primary key (id)\u000a    )
INSERT INTO TEXTMESSAGE VALUES(1,'21987198520','21988941078','Hello','2016-04-23 20:23:58.184000')
COMMIT
INSERT INTO TEXTMESSAGE VALUES(2,'21987198520','21988941078','Another Hello Message','2016-04-23 20:23:58.184000')
COMMIT
DISCONNECT
/*C8*/SET SCHEMA PUBLIC
\u000a    drop table TextMessage if exists
\u000a    create table TextMessage (\u000a        id bigint generated by default as identity (start with 1),\u000a        destinationPhoneNumber varchar(255) not null,\u000a        originPhoneNumber varchar(255) not null,\u000a        text varchar(160) not null,\u000a        validity timestamp not null,\u000a        primary key (id)\u000a    )
INSERT INTO TEXTMESSAGE VALUES(1,'21987198520','21988941078','Hello For delete test','2016-04-23 20:23:58.304000')
COMMIT
/*C9*/SET SCHEMA PUBLIC
DELETE FROM TEXTMESSAGE WHERE ID=1
COMMIT
/*C10*/SET SCHEMA PUBLIC
\u000a    drop table TextMessage if exists
\u000a    create table TextMessage (\u000a        id bigint generated by default as identity (start with 1),\u000a        destinationPhoneNumber varchar(255) not null,\u000a        originPhoneNumber varchar(255) not null,\u000a        text varchar(160) not null,\u000a        validity timestamp not null,\u000a        primary key (id)\u000a    )
DISCONNECT
/*C11*/SET SCHEMA PUBLIC
\u000a    drop table TextMessage if exists
\u000a    create table TextMessage (\u000a        id bigint generated by default as identity (start with 1),\u000a        destinationPhoneNumber varchar(255) not null,\u000a        originPhoneNumber varchar(255) not null,\u000a        text varchar(160) not null,\u000a        validity timestamp not null,\u000a        primary key (id)\u000a    )
DISCONNECT
/*C12*/SET SCHEMA PUBLIC
\u000a    drop table TextMessage if exists
\u000a    create table TextMessage (\u000a        id bigint generated by default as identity (start with 1),\u000a        destinationPhoneNumber varchar(255) not null,\u000a        originPhoneNumber varchar(255) not null,\u000a        text varchar(160) not null,\u000a        validity timestamp not null,\u000a        primary key (id)\u000a    )
DISCONNECT
/*C13*/SET SCHEMA PUBLIC
\u000a    drop table TextMessage if exists
\u000a    create table TextMessage (\u000a        id bigint generated by default as identity (start with 1),\u000a        destinationPhoneNumber varchar(255) not null,\u000a        originPhoneNumber varchar(255) not null,\u000a        text varchar(160) not null,\u000a        validity timestamp not null,\u000a        primary key (id)\u000a    )
INSERT INTO TEXTMESSAGE VALUES(1,'21987198520','21988941078','','2016-04-23 20:23:58.979000')
COMMIT
DISCONNECT
/*C14*/SET SCHEMA PUBLIC
\u000a    drop table TextMessage if exists
\u000a    create table TextMessage (\u000a        id bigint generated by default as identity (start with 1),\u000a        destinationPhoneNumber varchar(255) not null,\u000a        originPhoneNumber varchar(255) not null,\u000a        text varchar(160) not null,\u000a        validity timestamp not null,\u000a        primary key (id)\u000a    )
DISCONNECT
/*C15*/SET SCHEMA PUBLIC
\u000a    drop table TextMessage if exists
\u000a    create table TextMessage (\u000a        id bigint generated by default as identity (start with 1),\u000a        destinationPhoneNumber varchar(255) not null,\u000a        originPhoneNumber varchar(255) not null,\u000a        text varchar(160) not null,\u000a        validity timestamp not null,\u000a        primary key (id)\u000a    )
DISCONNECT
/*C16*/SET SCHEMA PUBLIC
\u000a    drop table TextMessage if exists
\u000a    create table TextMessage (\u000a        id bigint generated by default as identity (start with 1),\u000a        destinationPhoneNumber varchar(255) not null,\u000a        originPhoneNumber varchar(255) not null,\u000a        text varchar(160) not null,\u000a        validity timestamp not null,\u000a        primary key (id)\u000a    )
INSERT INTO TEXTMESSAGE VALUES(1,'21987198520','21988941078','','2016-04-23 20:23:59.395000')
COMMIT
/*C17*/SET SCHEMA PUBLIC
DELETE FROM TEXTMESSAGE WHERE ID=1
INSERT INTO TEXTMESSAGE VALUES(1,'21987198520','21988941078','Hello','2016-04-23 20:23:59.397000')
COMMIT
DISCONNECT
/*C18*/SET SCHEMA PUBLIC
\u000a    drop table TextMessage if exists
\u000a    create table TextMessage (\u000a        id bigint generated by default as identity (start with 1),\u000a        destinationPhoneNumber varchar(255) not null,\u000a        originPhoneNumber varchar(255) not null,\u000a        text varchar(160) not null,\u000a        validity timestamp not null,\u000a        primary key (id)\u000a    )
DISCONNECT
/*C19*/SET SCHEMA PUBLIC
\u000a    drop table TextMessage if exists
\u000a    create table TextMessage (\u000a        id bigint generated by default as identity (start with 1),\u000a        destinationPhoneNumber varchar(255) not null,\u000a        originPhoneNumber varchar(255) not null,\u000a        text varchar(160) not null,\u000a        validity timestamp not null,\u000a        primary key (id)\u000a    )
DISCONNECT
/*C20*/SET SCHEMA PUBLIC
\u000a    drop table TextMessage if exists
\u000a    create table TextMessage (\u000a        id bigint generated by default as identity (start with 1),\u000a        destinationPhoneNumber varchar(255) not null,\u000a        originPhoneNumber varchar(255) not null,\u000a        text varchar(160) not null,\u000a        validity timestamp not null,\u000a        primary key (id)\u000a    )
INSERT INTO TEXTMESSAGE VALUES(1,'21987198520','21988941078','Hello','2016-04-23 20:23:59.862000')
COMMIT
DISCONNECT
/*C21*/SET SCHEMA PUBLIC
\u000a    drop table TextMessage if exists
\u000a    create table TextMessage (\u000a        id bigint generated by default as identity (start with 1),\u000a        destinationPhoneNumber varchar(255) not null,\u000a        originPhoneNumber varchar(255) not null,\u000a        text varchar(160) not null,\u000a        validity timestamp not null,\u000a        primary key (id)\u000a    )
INSERT INTO TEXTMESSAGE VALUES(1,'21987198520','21988941078','Hello','2016-04-23 20:23:59.968000')
COMMIT
DISCONNECT
